<?xml version="1.0" encoding="UTF-8"?>
<!-- Generated by org.testng.reporters.JUnitXMLReporter -->
<testsuite ignored="0" hostname="DESKTOP-84TE32L" failures="0" tests="2" name="Default test" time="15.877" errors="0" timestamp="2020-05-16T16:01:21 CDT">
  <testcase classname="com.class01.OrangeHRMTitleAndLoginValidation" name="loginValidation" time="1.223"/>
  <testcase classname="com.class01.OrangeHRMTitleAndLoginValidation" name="titleValidation" time="0.007"/>
</testsuite> <!-- Default test -->
